<?xml version="1.0" encoding="UTF-8"?>
<!-- Generated by org.testng.reporters.JUnitReportReporter -->
<testsuite hostname="QZ-LT-021" failures="0" tests="200" name="executionClasses.TestStudentRegistration" time="1561.007" errors="1" timestamp="2024-12-30T15:17:24 IST" skipped="0">
  <testcase classname="executionClasses.TestStudentRegistration" name="studentRegistration" time="7.894"/>
  <system-out/>
  <testcase classname="executionClasses.TestStudentRegistration" name="studentRegistration" time="9.687"/>
  <system-out/>
  <testcase classname="executionClasses.TestStudentRegistration" name="studentRegistration" time="6.447"/>
  <system-out/>
  <testcase classname="executionClasses.TestStudentRegistration" name="studentRegistration" time="6.491"/>
  <system-out/>
  <testcase classname="executionClasses.TestStudentRegistration" name="studentRegistration" time="6.325"/>
  <system-out/>
  <testcase classname="executionClasses.TestStudentRegistration" name="studentRegistration" time="7.079"/>
  <system-out/>
  <testcase classname="executionClasses.TestStudentRegistration" name="studentRegistration" time="8.021"/>
  <system-out/>
  <testcase classname="executionClasses.TestStudentRegistration" name="studentRegistration" time="10.661"/>
  <system-out/>
  <testcase classname="executionClasses.TestStudentRegistration" name="studentRegistration" time="6.879"/>
  <system-out/>
  <testcase classname="executionClasses.TestStudentRegistration" name="studentRegistration" time="9.985"/>
  <system-out/>
  <testcase classname="executionClasses.TestStudentRegistration" name="studentRegistration" time="7.620"/>
  <system-out/>
  <testcase classname="executionClasses.TestStudentRegistration" name="studentRegistration" time="7.010"/>
  <system-out/>
  <testcase classname="executionClasses.TestStudentRegistration" name="studentRegistration" time="6.742"/>
  <system-out/>
  <testcase classname="executionClasses.TestStudentRegistration" name="studentRegistration" time="7.830"/>
  <system-out/>
  <testcase classname="executionClasses.TestStudentRegistration" name="studentRegistration" time="6.829"/>
  <system-out/>
  <testcase classname="executionClasses.TestStudentRegistration" name="studentRegistration" time="7.794"/>
  <system-out/>
  <testcase classname="executionClasses.TestStudentRegistration" name="studentRegistration" time="7.591"/>
  <system-out/>
  <testcase classname="executionClasses.TestStudentRegistration" name="studentRegistration" time="9.317"/>
  <system-out/>
  <testcase classname="executionClasses.TestStudentRegistration" name="studentRegistration" time="6.819"/>
  <system-out/>
  <testcase classname="executionClasses.TestStudentRegistration" name="studentRegistration" time="10.608"/>
  <system-out/>
  <testcase classname="executionClasses.TestStudentRegistration" name="studentRegistration" time="8.749"/>
  <system-out/>
  <testcase classname="executionClasses.TestStudentRegistration" name="studentRegistration" time="6.595"/>
  <system-out/>
  <testcase classname="executionClasses.TestStudentRegistration" name="studentRegistration" time="9.444"/>
  <system-out/>
  <testcase classname="executionClasses.TestStudentRegistration" name="studentRegistration" time="8.852"/>
  <system-out/>
  <testcase classname="executionClasses.TestStudentRegistration" name="studentRegistration" time="9.630"/>
  <system-out/>
  <testcase classname="executionClasses.TestStudentRegistration" name="studentRegistration" time="10.531"/>
  <system-out/>
  <testcase classname="executionClasses.TestStudentRegistration" name="studentRegistration" time="9.100"/>
  <system-out/>
  <testcase classname="executionClasses.TestStudentRegistration" name="studentRegistration" time="9.368"/>
  <system-out/>
  <testcase classname="executionClasses.TestStudentRegistration" name="studentRegistration" time="9.507"/>
  <system-out/>
  <testcase classname="executionClasses.TestStudentRegistration" name="studentRegistration" time="9.478"/>
  <system-out/>
  <testcase classname="executionClasses.TestStudentRegistration" name="studentRegistration" time="7.313"/>
  <system-out/>
  <testcase classname="executionClasses.TestStudentRegistration" name="studentRegistration" time="6.905"/>
  <system-out/>
  <testcase classname="executionClasses.TestStudentRegistration" name="studentRegistration" time="6.031"/>
  <system-out/>
  <testcase classname="executionClasses.TestStudentRegistration" name="studentRegistration" time="9.136"/>
  <system-out/>
  <testcase classname="executionClasses.TestStudentRegistration" name="studentRegistration" time="10.265"/>
  <system-out/>
  <testcase classname="executionClasses.TestStudentRegistration" name="studentRegistration" time="4.284"/>
  <system-out/>
  <testcase classname="executionClasses.TestStudentRegistration" name="studentRegistration" time="6.677"/>
  <system-out/>
  <testcase classname="executionClasses.TestStudentRegistration" name="studentRegistration" time="6.462"/>
  <system-out/>
  <testcase classname="executionClasses.TestStudentRegistration" name="studentRegistration" time="6.815"/>
  <system-out/>
  <testcase classname="executionClasses.TestStudentRegistration" name="studentRegistration" time="7.511"/>
  <system-out/>
  <testcase classname="executionClasses.TestStudentRegistration" name="studentRegistration" time="6.589"/>
  <system-out/>
  <testcase classname="executionClasses.TestStudentRegistration" name="studentRegistration" time="7.690"/>
  <system-out/>
  <testcase classname="executionClasses.TestStudentRegistration" name="studentRegistration" time="5.640"/>
  <system-out/>
  <testcase classname="executionClasses.TestStudentRegistration" name="studentRegistration" time="7.098"/>
  <system-out/>
  <testcase classname="executionClasses.TestStudentRegistration" name="studentRegistration" time="7.647"/>
  <system-out/>
  <testcase classname="executionClasses.TestStudentRegistration" name="studentRegistration" time="8.877"/>
  <system-out/>
  <testcase classname="executionClasses.TestStudentRegistration" name="studentRegistration" time="9.104"/>
  <system-out/>
  <testcase classname="executionClasses.TestStudentRegistration" name="studentRegistration" time="7.624"/>
  <system-out/>
  <testcase classname="executionClasses.TestStudentRegistration" name="studentRegistration" time="7.690"/>
  <system-out/>
  <testcase classname="executionClasses.TestStudentRegistration" name="studentRegistration" time="7.065"/>
  <system-out/>
  <testcase classname="executionClasses.TestStudentRegistration" name="studentRegistration" time="9.225"/>
  <system-out/>
  <testcase classname="executionClasses.TestStudentRegistration" name="studentRegistration" time="9.072"/>
  <system-out/>
  <testcase classname="executionClasses.TestStudentRegistration" name="studentRegistration" time="7.964"/>
  <system-out/>
  <testcase classname="executionClasses.TestStudentRegistration" name="studentRegistration" time="10.952"/>
  <system-out/>
  <testcase classname="executionClasses.TestStudentRegistration" name="studentRegistration" time="5.311"/>
  <system-out/>
  <testcase classname="executionClasses.TestStudentRegistration" name="studentRegistration" time="6.932"/>
  <system-out/>
  <testcase classname="executionClasses.TestStudentRegistration" name="studentRegistration" time="7.816"/>
  <system-out/>
  <testcase classname="executionClasses.TestStudentRegistration" name="studentRegistration" time="7.858"/>
  <system-out/>
  <testcase classname="executionClasses.TestStudentRegistration" name="studentRegistration" time="8.655"/>
  <system-out/>
  <testcase classname="executionClasses.TestStudentRegistration" name="studentRegistration" time="10.774"/>
  <system-out/>
  <testcase classname="executionClasses.TestStudentRegistration" name="studentRegistration" time="9.119"/>
  <system-out/>
  <testcase classname="executionClasses.TestStudentRegistration" name="studentRegistration" time="6.712"/>
  <system-out/>
  <testcase classname="executionClasses.TestStudentRegistration" name="studentRegistration" time="6.396"/>
  <system-out/>
  <testcase classname="executionClasses.TestStudentRegistration" name="studentRegistration" time="8.053"/>
  <system-out/>
  <testcase classname="executionClasses.TestStudentRegistration" name="studentRegistration" time="4.403"/>
  <system-out/>
  <testcase classname="executionClasses.TestStudentRegistration" name="studentRegistration" time="4.848"/>
  <system-out/>
  <testcase classname="executionClasses.TestStudentRegistration" name="studentRegistration" time="7.631"/>
  <system-out/>
  <testcase classname="executionClasses.TestStudentRegistration" name="studentRegistration" time="6.970"/>
  <system-out/>
  <testcase classname="executionClasses.TestStudentRegistration" name="studentRegistration" time="9.702"/>
  <system-out/>
  <testcase classname="executionClasses.TestStudentRegistration" name="studentRegistration" time="10.170"/>
  <system-out/>
  <testcase classname="executionClasses.TestStudentRegistration" name="studentRegistration" time="6.737"/>
  <system-out/>
  <testcase classname="executionClasses.TestStudentRegistration" name="studentRegistration" time="7.704"/>
  <system-out/>
  <testcase classname="executionClasses.TestStudentRegistration" name="studentRegistration" time="9.418"/>
  <system-out/>
  <testcase classname="executionClasses.TestStudentRegistration" name="studentRegistration" time="9.931"/>
  <system-out/>
  <testcase classname="executionClasses.TestStudentRegistration" name="studentRegistration" time="9.440"/>
  <system-out/>
  <testcase classname="executionClasses.TestStudentRegistration" name="studentRegistration" time="10.051"/>
  <system-out/>
  <testcase classname="executionClasses.TestStudentRegistration" name="studentRegistration" time="6.504"/>
  <system-out/>
  <testcase classname="executionClasses.TestStudentRegistration" name="studentRegistration" time="6.414"/>
  <system-out/>
  <testcase classname="executionClasses.TestStudentRegistration" name="studentRegistration" time="7.427"/>
  <system-out/>
  <testcase classname="executionClasses.TestStudentRegistration" name="studentRegistration" time="8.593"/>
  <system-out/>
  <testcase classname="executionClasses.TestStudentRegistration" name="studentRegistration" time="8.768"/>
  <system-out/>
  <testcase classname="executionClasses.TestStudentRegistration" name="studentRegistration" time="4.775"/>
  <system-out/>
  <testcase classname="executionClasses.TestStudentRegistration" name="studentRegistration" time="8.328"/>
  <system-out/>
  <testcase classname="executionClasses.TestStudentRegistration" name="studentRegistration" time="6.840"/>
  <system-out/>
  <testcase classname="executionClasses.TestStudentRegistration" name="studentRegistration" time="7.648"/>
  <system-out/>
  <testcase classname="executionClasses.TestStudentRegistration" name="studentRegistration" time="9.446"/>
  <system-out/>
  <testcase classname="executionClasses.TestStudentRegistration" name="studentRegistration" time="5.504"/>
  <system-out/>
  <testcase classname="executionClasses.TestStudentRegistration" name="studentRegistration" time="4.916"/>
  <system-out/>
  <testcase classname="executionClasses.TestStudentRegistration" name="studentRegistration" time="7.780"/>
  <system-out/>
  <testcase classname="executionClasses.TestStudentRegistration" name="studentRegistration" time="9.029"/>
  <system-out/>
  <testcase classname="executionClasses.TestStudentRegistration" name="studentRegistration" time="7.869"/>
  <system-out/>
  <testcase classname="executionClasses.TestStudentRegistration" name="studentRegistration" time="6.969"/>
  <system-out/>
  <testcase classname="executionClasses.TestStudentRegistration" name="studentRegistration" time="9.695"/>
  <system-out/>
  <testcase classname="executionClasses.TestStudentRegistration" name="studentRegistration" time="6.001"/>
  <system-out/>
  <testcase classname="executionClasses.TestStudentRegistration" name="studentRegistration" time="8.780"/>
  <system-out/>
  <testcase classname="executionClasses.TestStudentRegistration" name="studentRegistration" time="5.192"/>
  <system-out/>
  <testcase classname="executionClasses.TestStudentRegistration" name="studentRegistration" time="6.884"/>
  <system-out/>
  <testcase classname="executionClasses.TestStudentRegistration" name="studentRegistration" time="7.846"/>
  <system-out/>
  <testcase classname="executionClasses.TestStudentRegistration" name="studentRegistration" time="7.833"/>
  <system-out/>
  <testcase classname="executionClasses.TestStudentRegistration" name="studentRegistration" time="6.299"/>
  <system-out/>
  <testcase classname="executionClasses.TestStudentRegistration" name="studentRegistration" time="10.551"/>
  <system-out/>
  <testcase classname="executionClasses.TestStudentRegistration" name="studentRegistration" time="5.759"/>
  <system-out/>
  <testcase classname="executionClasses.TestStudentRegistration" name="studentRegistration" time="7.867"/>
  <system-out/>
  <testcase classname="executionClasses.TestStudentRegistration" name="studentRegistration" time="7.910"/>
  <system-out/>
  <testcase classname="executionClasses.TestStudentRegistration" name="studentRegistration" time="4.397"/>
  <system-out/>
  <testcase classname="executionClasses.TestStudentRegistration" name="studentRegistration" time="10.152"/>
  <system-out/>
  <testcase classname="executionClasses.TestStudentRegistration" name="studentRegistration" time="7.633">
    <error message="no such element: Unable to locate element: {&quot;method&quot;:&quot;xpath&quot;,&quot;selector&quot;:&quot;//button[contains(text(),&#039;Close&#039;)]&quot;}
  (Session info: chrome=131.0.6778.204)
For documentation on this error, please visit: https://www.selenium.dev/documentation/webdriver/troubleshooting/errors#no-such-element-exception
Build info: version: &#039;4.27.0&#039;, revision: &#039;d6e718d134&#039;
System info: os.name: &#039;Windows 11&#039;, os.arch: &#039;amd64&#039;, os.version: &#039;10.0&#039;, java.version: &#039;17.0.12&#039;
Driver info: org.openqa.selenium.chrome.ChromeDriver
Command: [c4415081b24c4796867df92b25632002, findElement {using=xpath, value=//button[contains(text(),&#039;Close&#039;)]}]
Capabilities {acceptInsecureCerts: false, browserName: chrome, browserVersion: 131.0.6778.204, chrome: {chromedriverVersion: 131.0.6778.204 (52183f9e99a..., userDataDir: C:\Users\QUALIZ~1\AppData\L...}, fedcm:accounts: true, goog:chromeOptions: {debuggerAddress: localhost:62388}, networkConnectionEnabled: false, pageLoadStrategy: normal, platformName: windows, proxy: Proxy(), se:cdp: ws://localhost:62388/devtoo..., se:cdpVersion: 131.0.6778.204, setWindowRect: true, strictFileInteractability: false, timeouts: {implicit: 0, pageLoad: 300000, script: 30000}, unhandledPromptBehavior: dismiss and notify, webauthn:extension:credBlob: true, webauthn:extension:largeBlob: true, webauthn:extension:minPinLength: true, webauthn:extension:prf: true, webauthn:virtualAuthenticators: true}
Session ID: c4415081b24c4796867df92b25632002" type="org.openqa.selenium.NoSuchElementException">
      <![CDATA[org.openqa.selenium.NoSuchElementException: no such element: Unable to locate element: {"method":"xpath","selector":"//button[contains(text(),'Close')]"}
  (Session info: chrome=131.0.6778.204)
For documentation on this error, please visit: https://www.selenium.dev/documentation/webdriver/troubleshooting/errors#no-such-element-exception
Build info: version: '4.27.0', revision: 'd6e718d134'
System info: os.name: 'Windows 11', os.arch: 'amd64', os.version: '10.0', java.version: '17.0.12'
Driver info: org.openqa.selenium.chrome.ChromeDriver
Command: [c4415081b24c4796867df92b25632002, findElement {using=xpath, value=//button[contains(text(),'Close')]}]
Capabilities {acceptInsecureCerts: false, browserName: chrome, browserVersion: 131.0.6778.204, chrome: {chromedriverVersion: 131.0.6778.204 (52183f9e99a..., userDataDir: C:\Users\QUALIZ~1\AppData\L...}, fedcm:accounts: true, goog:chromeOptions: {debuggerAddress: localhost:62388}, networkConnectionEnabled: false, pageLoadStrategy: normal, platformName: windows, proxy: Proxy(), se:cdp: ws://localhost:62388/devtoo..., se:cdpVersion: 131.0.6778.204, setWindowRect: true, strictFileInteractability: false, timeouts: {implicit: 0, pageLoad: 300000, script: 30000}, unhandledPromptBehavior: dismiss and notify, webauthn:extension:credBlob: true, webauthn:extension:largeBlob: true, webauthn:extension:minPinLength: true, webauthn:extension:prf: true, webauthn:virtualAuthenticators: true}
Session ID: c4415081b24c4796867df92b25632002
at java.base/jdk.internal.reflect.NativeConstructorAccessorImpl.newInstance0(Native Method)
at java.base/jdk.internal.reflect.NativeConstructorAccessorImpl.newInstance(NativeConstructorAccessorImpl.java:77)
at java.base/jdk.internal.reflect.DelegatingConstructorAccessorImpl.newInstance(DelegatingConstructorAccessorImpl.java:45)
at java.base/java.lang.reflect.Constructor.newInstanceWithCaller(Constructor.java:499)
at java.base/java.lang.reflect.Constructor.newInstance(Constructor.java:480)
at org.openqa.selenium.remote.ErrorCodec.decode(ErrorCodec.java:167)
at org.openqa.selenium.remote.codec.w3c.W3CHttpResponseCodec.decode(W3CHttpResponseCodec.java:138)
at org.openqa.selenium.remote.codec.w3c.W3CHttpResponseCodec.decode(W3CHttpResponseCodec.java:50)
at org.openqa.selenium.remote.HttpCommandExecutor.execute(HttpCommandExecutor.java:190)
at org.openqa.selenium.remote.service.DriverCommandExecutor.invokeExecute(DriverCommandExecutor.java:216)
at org.openqa.selenium.remote.service.DriverCommandExecutor.execute(DriverCommandExecutor.java:174)
at org.openqa.selenium.remote.RemoteWebDriver.execute(RemoteWebDriver.java:545)
at org.openqa.selenium.remote.ElementLocation$ElementFinder$2.findElement(ElementLocation.java:165)
at org.openqa.selenium.remote.ElementLocation.findElement(ElementLocation.java:59)
at org.openqa.selenium.remote.RemoteWebDriver.findElement(RemoteWebDriver.java:368)
at org.openqa.selenium.remote.RemoteWebDriver.findElement(RemoteWebDriver.java:362)
at org.openqa.selenium.support.pagefactory.DefaultElementLocator.findElement(DefaultElementLocator.java:68)
at org.openqa.selenium.support.pagefactory.internal.LocatingElementHandler.invoke(LocatingElementHandler.java:38)
at jdk.proxy2/jdk.proxy2.$Proxy15.isDisplayed(Unknown Source)
at utilsClass.SeleniumHelpers.click(SeleniumHelpers.java:33)
at pageObjects.StudentRegistrationFormPage.passOrfail(StudentRegistrationFormPage.java:186)
at pageObjects.StudentRegistrationFormPage.register(StudentRegistrationFormPage.java:210)
at executionClasses.TestStudentRegistration.studentRegistration(TestStudentRegistration.java:40)
at jdk.internal.reflect.GeneratedMethodAccessor7.invoke(Unknown Source)
at java.base/jdk.internal.reflect.DelegatingMethodAccessorImpl.invoke(DelegatingMethodAccessorImpl.java:43)
at java.base/java.lang.reflect.Method.invoke(Method.java:568)
at org.testng.internal.MethodInvocationHelper.invokeMethod(MethodInvocationHelper.java:133)
at org.testng.internal.TestInvoker.invokeMethod(TestInvoker.java:598)
at org.testng.internal.TestInvoker.invokeTestMethod(TestInvoker.java:173)
at org.testng.internal.MethodRunner.runInSequence(MethodRunner.java:46)
at org.testng.internal.TestInvoker$MethodInvocationAgent.invoke(TestInvoker.java:824)
at org.testng.internal.TestInvoker.invokeTestMethods(TestInvoker.java:146)
at org.testng.internal.TestMethodWorker.invokeTestMethods(TestMethodWorker.java:146)
at org.testng.internal.TestMethodWorker.run(TestMethodWorker.java:128)
at java.base/java.util.ArrayList.forEach(ArrayList.java:1511)
at org.testng.TestRunner.privateRun(TestRunner.java:794)
at org.testng.TestRunner.run(TestRunner.java:596)
at org.testng.SuiteRunner.runTest(SuiteRunner.java:377)
at org.testng.SuiteRunner.runSequentially(SuiteRunner.java:371)
at org.testng.SuiteRunner.privateRun(SuiteRunner.java:332)
at org.testng.SuiteRunner.run(SuiteRunner.java:276)
at org.testng.SuiteRunnerWorker.runSuite(SuiteRunnerWorker.java:53)
at org.testng.SuiteRunnerWorker.run(SuiteRunnerWorker.java:96)
at org.testng.TestNG.runSuitesSequentially(TestNG.java:1212)
at org.testng.TestNG.runSuitesLocally(TestNG.java:1134)
at org.testng.TestNG.runSuites(TestNG.java:1063)
at org.testng.TestNG.run(TestNG.java:1031)
at org.testng.remote.AbstractRemoteTestNG.run(AbstractRemoteTestNG.java:115)
at org.testng.remote.RemoteTestNG.initAndRun(RemoteTestNG.java:293)
at org.testng.remote.RemoteTestNG.main(RemoteTestNG.java:91)
]]>
    </error>
  </testcase> <!-- studentRegistration -->
  <system-out/>
  <testcase classname="executionClasses.TestStudentRegistration" name="studentRegistration" time="6.583"/>
  <system-out/>
  <testcase classname="executionClasses.TestStudentRegistration" name="studentRegistration" time="5.785"/>
  <system-out/>
  <testcase classname="executionClasses.TestStudentRegistration" name="studentRegistration" time="6.429"/>
  <system-out/>
  <testcase classname="executionClasses.TestStudentRegistration" name="studentRegistration" time="8.058"/>
  <system-out/>
  <testcase classname="executionClasses.TestStudentRegistration" name="studentRegistration" time="6.992"/>
  <system-out/>
  <testcase classname="executionClasses.TestStudentRegistration" name="studentRegistration" time="10.196"/>
  <system-out/>
  <testcase classname="executionClasses.TestStudentRegistration" name="studentRegistration" time="6.713"/>
  <system-out/>
  <testcase classname="executionClasses.TestStudentRegistration" name="studentRegistration" time="10.414"/>
  <system-out/>
  <testcase classname="executionClasses.TestStudentRegistration" name="studentRegistration" time="6.846"/>
  <system-out/>
  <testcase classname="executionClasses.TestStudentRegistration" name="studentRegistration" time="8.576"/>
  <system-out/>
  <testcase classname="executionClasses.TestStudentRegistration" name="studentRegistration" time="4.272"/>
  <system-out/>
  <testcase classname="executionClasses.TestStudentRegistration" name="studentRegistration" time="9.644"/>
  <system-out/>
  <testcase classname="executionClasses.TestStudentRegistration" name="studentRegistration" time="9.035"/>
  <system-out/>
  <testcase classname="executionClasses.TestStudentRegistration" name="studentRegistration" time="7.679"/>
  <system-out/>
  <testcase classname="executionClasses.TestStudentRegistration" name="studentRegistration" time="7.388"/>
  <system-out/>
  <testcase classname="executionClasses.TestStudentRegistration" name="studentRegistration" time="6.123"/>
  <system-out/>
  <testcase classname="executionClasses.TestStudentRegistration" name="studentRegistration" time="7.070"/>
  <system-out/>
  <testcase classname="executionClasses.TestStudentRegistration" name="studentRegistration" time="7.056"/>
  <system-out/>
  <testcase classname="executionClasses.TestStudentRegistration" name="studentRegistration" time="6.759"/>
  <system-out/>
  <testcase classname="executionClasses.TestStudentRegistration" name="studentRegistration" time="9.580"/>
  <system-out/>
  <testcase classname="executionClasses.TestStudentRegistration" name="studentRegistration" time="6.371"/>
  <system-out/>
  <testcase classname="executionClasses.TestStudentRegistration" name="studentRegistration" time="7.811"/>
  <system-out/>
  <testcase classname="executionClasses.TestStudentRegistration" name="studentRegistration" time="7.881"/>
  <system-out/>
  <testcase classname="executionClasses.TestStudentRegistration" name="studentRegistration" time="9.235"/>
  <system-out/>
  <testcase classname="executionClasses.TestStudentRegistration" name="studentRegistration" time="10.638"/>
  <system-out/>
  <testcase classname="executionClasses.TestStudentRegistration" name="studentRegistration" time="4.559"/>
  <system-out/>
  <testcase classname="executionClasses.TestStudentRegistration" name="studentRegistration" time="10.267"/>
  <system-out/>
  <testcase classname="executionClasses.TestStudentRegistration" name="studentRegistration" time="10.144"/>
  <system-out/>
  <testcase classname="executionClasses.TestStudentRegistration" name="studentRegistration" time="7.639"/>
  <system-out/>
  <testcase classname="executionClasses.TestStudentRegistration" name="studentRegistration" time="7.837"/>
  <system-out/>
  <testcase classname="executionClasses.TestStudentRegistration" name="studentRegistration" time="9.601"/>
  <system-out/>
  <testcase classname="executionClasses.TestStudentRegistration" name="studentRegistration" time="10.321"/>
  <system-out/>
  <testcase classname="executionClasses.TestStudentRegistration" name="studentRegistration" time="10.123"/>
  <system-out/>
  <testcase classname="executionClasses.TestStudentRegistration" name="studentRegistration" time="8.198"/>
  <system-out/>
  <testcase classname="executionClasses.TestStudentRegistration" name="studentRegistration" time="7.957"/>
  <system-out/>
  <testcase classname="executionClasses.TestStudentRegistration" name="studentRegistration" time="6.764"/>
  <system-out/>
  <testcase classname="executionClasses.TestStudentRegistration" name="studentRegistration" time="7.078"/>
  <system-out/>
  <testcase classname="executionClasses.TestStudentRegistration" name="studentRegistration" time="6.792"/>
  <system-out/>
  <testcase classname="executionClasses.TestStudentRegistration" name="studentRegistration" time="8.715"/>
  <system-out/>
  <testcase classname="executionClasses.TestStudentRegistration" name="studentRegistration" time="10.141"/>
  <system-out/>
  <testcase classname="executionClasses.TestStudentRegistration" name="studentRegistration" time="8.613"/>
  <system-out/>
  <testcase classname="executionClasses.TestStudentRegistration" name="studentRegistration" time="6.839"/>
  <system-out/>
  <testcase classname="executionClasses.TestStudentRegistration" name="studentRegistration" time="7.681"/>
  <system-out/>
  <testcase classname="executionClasses.TestStudentRegistration" name="studentRegistration" time="7.096"/>
  <system-out/>
  <testcase classname="executionClasses.TestStudentRegistration" name="studentRegistration" time="8.005"/>
  <system-out/>
  <testcase classname="executionClasses.TestStudentRegistration" name="studentRegistration" time="6.393"/>
  <system-out/>
  <testcase classname="executionClasses.TestStudentRegistration" name="studentRegistration" time="7.559"/>
  <system-out/>
  <testcase classname="executionClasses.TestStudentRegistration" name="studentRegistration" time="6.310"/>
  <system-out/>
  <testcase classname="executionClasses.TestStudentRegistration" name="studentRegistration" time="6.469"/>
  <system-out/>
  <testcase classname="executionClasses.TestStudentRegistration" name="studentRegistration" time="7.391"/>
  <system-out/>
  <testcase classname="executionClasses.TestStudentRegistration" name="studentRegistration" time="8.249"/>
  <system-out/>
  <testcase classname="executionClasses.TestStudentRegistration" name="studentRegistration" time="6.895"/>
  <system-out/>
  <testcase classname="executionClasses.TestStudentRegistration" name="studentRegistration" time="7.139"/>
  <system-out/>
  <testcase classname="executionClasses.TestStudentRegistration" name="studentRegistration" time="8.051"/>
  <system-out/>
  <testcase classname="executionClasses.TestStudentRegistration" name="studentRegistration" time="6.685"/>
  <system-out/>
  <testcase classname="executionClasses.TestStudentRegistration" name="studentRegistration" time="6.923"/>
  <system-out/>
  <testcase classname="executionClasses.TestStudentRegistration" name="studentRegistration" time="9.053"/>
  <system-out/>
  <testcase classname="executionClasses.TestStudentRegistration" name="studentRegistration" time="6.825"/>
  <system-out/>
  <testcase classname="executionClasses.TestStudentRegistration" name="studentRegistration" time="7.410"/>
  <system-out/>
  <testcase classname="executionClasses.TestStudentRegistration" name="studentRegistration" time="7.169"/>
  <system-out/>
  <testcase classname="executionClasses.TestStudentRegistration" name="studentRegistration" time="6.770"/>
  <system-out/>
  <testcase classname="executionClasses.TestStudentRegistration" name="studentRegistration" time="10.008"/>
  <system-out/>
  <testcase classname="executionClasses.TestStudentRegistration" name="studentRegistration" time="9.363"/>
  <system-out/>
  <testcase classname="executionClasses.TestStudentRegistration" name="studentRegistration" time="7.042"/>
  <system-out/>
  <testcase classname="executionClasses.TestStudentRegistration" name="studentRegistration" time="7.240"/>
  <system-out/>
  <testcase classname="executionClasses.TestStudentRegistration" name="studentRegistration" time="8.840"/>
  <system-out/>
  <testcase classname="executionClasses.TestStudentRegistration" name="studentRegistration" time="9.996"/>
  <system-out/>
  <testcase classname="executionClasses.TestStudentRegistration" name="studentRegistration" time="10.324"/>
  <system-out/>
  <testcase classname="executionClasses.TestStudentRegistration" name="studentRegistration" time="7.628"/>
  <system-out/>
  <testcase classname="executionClasses.TestStudentRegistration" name="studentRegistration" time="5.616"/>
  <system-out/>
  <testcase classname="executionClasses.TestStudentRegistration" name="studentRegistration" time="7.772"/>
  <system-out/>
  <testcase classname="executionClasses.TestStudentRegistration" name="studentRegistration" time="6.365"/>
  <system-out/>
  <testcase classname="executionClasses.TestStudentRegistration" name="studentRegistration" time="4.847"/>
  <system-out/>
  <testcase classname="executionClasses.TestStudentRegistration" name="studentRegistration" time="8.017"/>
  <system-out/>
  <testcase classname="executionClasses.TestStudentRegistration" name="studentRegistration" time="6.768"/>
  <system-out/>
  <testcase classname="executionClasses.TestStudentRegistration" name="studentRegistration" time="9.743"/>
  <system-out/>
  <testcase classname="executionClasses.TestStudentRegistration" name="studentRegistration" time="8.959"/>
  <system-out/>
  <testcase classname="executionClasses.TestStudentRegistration" name="studentRegistration" time="7.477"/>
  <system-out/>
  <testcase classname="executionClasses.TestStudentRegistration" name="studentRegistration" time="7.043"/>
  <system-out/>
  <testcase classname="executionClasses.TestStudentRegistration" name="studentRegistration" time="9.711"/>
  <system-out/>
  <testcase classname="executionClasses.TestStudentRegistration" name="studentRegistration" time="6.619"/>
  <system-out/>
  <testcase classname="executionClasses.TestStudentRegistration" name="studentRegistration" time="4.234"/>
  <system-out/>
  <testcase classname="executionClasses.TestStudentRegistration" name="studentRegistration" time="8.738"/>
  <system-out/>
  <testcase classname="executionClasses.TestStudentRegistration" name="studentRegistration" time="6.786"/>
  <system-out/>
  <testcase classname="executionClasses.TestStudentRegistration" name="studentRegistration" time="10.245"/>
  <system-out/>
  <testcase classname="executionClasses.TestStudentRegistration" name="studentRegistration" time="7.885"/>
  <system-out/>
  <testcase classname="executionClasses.TestStudentRegistration" name="studentRegistration" time="7.048"/>
  <system-out/>
  <testcase classname="executionClasses.TestStudentRegistration" name="studentRegistration" time="7.736"/>
  <system-out/>
  <testcase classname="executionClasses.TestStudentRegistration" name="studentRegistration" time="7.054"/>
  <system-out/>
  <testcase classname="executionClasses.TestStudentRegistration" name="studentRegistration" time="10.215"/>
  <system-out/>
  <testcase classname="executionClasses.TestStudentRegistration" name="studentRegistration" time="8.782"/>
  <system-out/>
  <testcase classname="executionClasses.TestStudentRegistration" name="studentRegistration" time="5.637"/>
  <system-out/>
  <testcase classname="executionClasses.TestStudentRegistration" name="studentRegistration" time="7.715"/>
  <system-out/>
</testsuite> <!-- executionClasses.TestStudentRegistration -->
