<?xml version="1.0" encoding="UTF-8"?>
<!-- Generated by org.testng.reporters.JUnitReportReporter -->
<testsuite hostname="QZ-LT-021" failures="0" tests="1" name="com.automationtesting.demo.NewTest" time="44.221" errors="0" timestamp="2024-12-24T16:34:12 IST" skipped="0">
  <testcase classname="com.automationtesting.demo.NewTest" name="register" time="44.221"/>
  <system-out/>
</testsuite> <!-- com.automationtesting.demo.NewTest -->
